<?xml version="1.0" encoding="UTF-8"?>
<testng-results skipped="0" failed="0" total="1" passed="1">
  <reporter-output>
  </reporter-output>
  <suite name="Default suite" duration-ms="8300" started-at="2018-04-01T07:17:50Z" finished-at="2018-04-01T07:17:59Z">
    <groups>
    </groups>
    <test name="Default test" duration-ms="8300" started-at="2018-04-01T07:17:50Z" finished-at="2018-04-01T07:17:59Z">
      <class name="com.lessonwork.LessonTwo.test">
        <test-method status="PASS" signature="testDemo()[pri:0, instance:com.lessonwork.LessonTwo.test@6a4f787b]" name="testDemo" duration-ms="8284" started-at="2018-04-01T15:17:50Z" finished-at="2018-04-01T15:17:59Z">
          <reporter-output>
          </reporter-output>
        </test-method> <!-- testDemo -->
      </class> <!-- com.lessonwork.LessonTwo.test -->
    </test> <!-- Default test -->
  </suite> <!-- Default suite -->
</testng-results>
